<?xml version="1.0" encoding="UTF-8"?>
<testng-results ignored="0" total="1" passed="1" failed="0" skipped="0">
  <reporter-output>
  </reporter-output>
  <suite started-at="2023-07-03T10:48:17Z" name="Default suite" finished-at="2023-07-03T10:48:29Z" duration-ms="11707">
    <groups>
    </groups>
    <test started-at="2023-07-03T10:48:17Z" name="Default test" finished-at="2023-07-03T10:48:29Z" duration-ms="11707">
      <class name="com.hitachi.qa.testcases.HitachiContactUSTest">
        <test-method is-config="true" signature="setUp()[pri:0, instance:com.hitachi.qa.testcases.HitachiContactUSTest@1460a8c0]" started-at="2023-07-03T16:18:17Z" name="setUp" finished-at="2023-07-03T16:18:29Z" duration-ms="11496" status="PASS">
          <reporter-output>
          </reporter-output>
        </test-method> <!-- setUp -->
        <test-method signature="verifyAddressFound()[pri:1, instance:com.hitachi.qa.testcases.HitachiContactUSTest@1460a8c0]" started-at="2023-07-03T16:18:29Z" name="verifyAddressFound" finished-at="2023-07-03T16:18:29Z" duration-ms="174" status="PASS">
          <reporter-output>
          </reporter-output>
        </test-method> <!-- verifyAddressFound -->
      </class> <!-- com.hitachi.qa.testcases.HitachiContactUSTest -->
    </test> <!-- Default test -->
  </suite> <!-- Default suite -->
</testng-results>
